<?xml version="1.0" encoding="UTF-8"?>
<testsuite name="org.example.ParsingTest" tests="5" skipped="0" failures="0" errors="0" timestamp="2024-02-24T12:59:36" hostname="seonwoo960000" time="0.022">
  <properties/>
  <testcase name="parse_test()" classname="org.example.ParsingTest" time="0.016"/>
  <testcase name="complete_test()" classname="org.example.ParsingTest" time="0.002"/>
  <testcase name="test_eval_with_parentheses()" classname="org.example.ParsingTest" time="0.001"/>
  <testcase name="test_eval_different_priority()" classname="org.example.ParsingTest" time="0.0"/>
  <testcase name="test_basic_eval()" classname="org.example.ParsingTest" time="0.0"/>
  <system-out><![CDATA[]]></system-out>
  <system-err><![CDATA[]]></system-err>
</testsuite>
